{"C:\\Users\\thank\\Documents\\thankGodForJesusChrist\\thankGodForWork\\proj01_chatbot_edu\\week02\\code06_project_demo\\chatbot-api-explorer\\src\\App.tsx": {"path":"C:\\Users\\thank\\Documents\\thankGodForJesusChrist\\thankGodForWork\\proj01_chatbot_edu\\week02\\code06_project_demo\\chatbot-api-explorer\\src\\App.tsx","statementMap":{"0":{"start":{"line":1,"column":0},"end":{"line":1,"column":60}},"1":{"start":{"line":2,"column":0},"end":{"line":2,"column":68}},"2":{"start":{"line":3,"column":0},"end":{"line":3,"column":76}},"3":{"start":{"line":4,"column":0},"end":{"line":4,"column":64}},"4":{"start":{"line":5,"column":0},"end":{"line":5,"column":19}},"5":{"start":{"line":8,"column":2},"end":{"line":72,"column":4}},"6":{"start":{"line":75,"column":0},"end":{"line":75,"column":19}}},"fnMap":{"0":{"name":"App","decl":{"start":{"line":7,"column":9},"end":{"line":7,"column":12}},"loc":{"start":{"line":7,"column":12},"end":{"line":73,"column":1}}}},"branchMap":{},"s":{"0":1,"1":1,"2":1,"3":1,"4":1,"5":7,"6":1},"f":{"0":7},"b":{}}
,"C:\\Users\\thank\\Documents\\thankGodForJesusChrist\\thankGodForWork\\proj01_chatbot_edu\\week02\\code06_project_demo\\chatbot-api-explorer\\src\\components\\chat\\ChatInterface.tsx": {"path":"C:\\Users\\thank\\Documents\\thankGodForJesusChrist\\thankGodForWork\\proj01_chatbot_edu\\week02\\code06_project_demo\\chatbot-api-explorer\\src\\components\\chat\\ChatInterface.tsx","statementMap":{"0":{"start":{"line":1,"column":0},"end":{"line":1,"column":59}},"1":{"start":{"line":2,"column":0},"end":{"line":2,"column":null}},"2":{"start":{"line":12,"column":0},"end":{"line":12,"column":52}},"3":{"start":{"line":15,"column":39},"end":{"line":208,"column":1}},"4":{"start":{"line":26,"column":6},"end":{"line":26,"column":19}},"5":{"start":{"line":17,"column":12},"end":{"line":17,"column":null}},"6":{"start":{"line":18,"column":16},"end":{"line":18,"column":null}},"7":{"start":{"line":19,"column":13},"end":{"line":19,"column":null}},"8":{"start":{"line":20,"column":9},"end":{"line":20,"column":null}},"9":{"start":{"line":21,"column":14},"end":{"line":21,"column":null}},"10":{"start":{"line":22,"column":17},"end":{"line":22,"column":null}},"11":{"start":{"line":23,"column":19},"end":{"line":23,"column":null}},"12":{"start":{"line":24,"column":14},"end":{"line":24,"column":null}},"13":{"start":{"line":25,"column":12},"end":{"line":25,"column":null}},"14":{"start":{"line":28,"column":42},"end":{"line":28,"column":54}},"15":{"start":{"line":28,"column":21},"end":{"line":28,"column":23}},"16":{"start":{"line":28,"column":38},"end":{"line":28,"column":42}},"17":{"start":{"line":29,"column":25},"end":{"line":29,"column":53}},"18":{"start":{"line":31,"column":25},"end":{"line":33,"column":3}},"19":{"start":{"line":32,"column":4},"end":{"line":32,"column":67}},"20":{"start":{"line":35,"column":2},"end":{"line":37,"column":17}},"21":{"start":{"line":36,"column":4},"end":{"line":36,"column":21}},"22":{"start":{"line":39,"column":28},"end":{"line":65,"column":3}},"23":{"start":{"line":40,"column":4},"end":{"line":40,"column":37}},"24":{"start":{"line":40,"column":30},"end":{"line":40,"column":37}},"25":{"start":{"line":42,"column":33},"end":{"line":47,"column":6}},"26":{"start":{"line":49,"column":4},"end":{"line":49,"column":28}},"27":{"start":{"line":50,"column":4},"end":{"line":50,"column":24}},"28":{"start":{"line":51,"column":4},"end":{"line":51,"column":21}},"29":{"start":{"line":52,"column":4},"end":{"line":52,"column":19}},"30":{"start":{"line":55,"column":4},"end":{"line":64,"column":13}},"31":{"start":{"line":56,"column":40},"end":{"line":61,"column":8}},"32":{"start":{"line":62,"column":6},"end":{"line":62,"column":35}},"33":{"start":{"line":63,"column":6},"end":{"line":63,"column":24}},"34":{"start":{"line":67,"column":25},"end":{"line":72,"column":3}},"35":{"start":{"line":68,"column":4},"end":{"line":71,"column":5}},"36":{"start":{"line":69,"column":6},"end":{"line":69,"column":25}},"37":{"start":{"line":70,"column":6},"end":{"line":70,"column":26}},"38":{"start":{"line":74,"column":2},"end":{"line":207,"column":4}},"39":{"start":{"line":97,"column":29},"end":{"line":97,"column":null}},"40":{"start":{"line":115,"column":39},"end":{"line":152,"column":14}},"41":{"start":{"line":185,"column":29},"end":{"line":185,"column":null}},"42":{"start":{"line":15,"column":13},"end":{"line":15,"column":39}}},"fnMap":{"0":{"name":"(anonymous_0)","decl":{"start":{"line":15,"column":39},"end":{"line":15,"column":null}},"loc":{"start":{"line":15,"column":39},"end":{"line":208,"column":1}}},"1":{"name":"(anonymous_1)","decl":{"start":{"line":31,"column":25},"end":{"line":31,"column":null}},"loc":{"start":{"line":31,"column":25},"end":{"line":33,"column":3}}},"2":{"name":"(anonymous_2)","decl":{"start":{"line":35,"column":12},"end":{"line":35,"column":null}},"loc":{"start":{"line":35,"column":12},"end":{"line":37,"column":3}}},"3":{"name":"(anonymous_3)","decl":{"start":{"line":39,"column":28},"end":{"line":39,"column":null}},"loc":{"start":{"line":39,"column":28},"end":{"line":65,"column":3}}},"4":{"name":"(anonymous_4)","decl":{"start":{"line":55,"column":15},"end":{"line":55,"column":null}},"loc":{"start":{"line":55,"column":15},"end":{"line":64,"column":5}}},"5":{"name":"(anonymous_5)","decl":{"start":{"line":67,"column":25},"end":{"line":67,"column":26}},"loc":{"start":{"line":67,"column":48},"end":{"line":72,"column":3}}},"6":{"name":"(anonymous_6)","decl":{"start":{"line":97,"column":22},"end":{"line":97,"column":23}},"loc":{"start":{"line":97,"column":24},"end":{"line":97,"column":44}}},"7":{"name":"(anonymous_7)","decl":{"start":{"line":115,"column":26},"end":{"line":115,"column":27}},"loc":{"start":{"line":115,"column":34},"end":{"line":115,"column":null}}},"8":{"name":"(anonymous_8)","decl":{"start":{"line":185,"column":22},"end":{"line":185,"column":23}},"loc":{"start":{"line":185,"column":24},"end":{"line":185,"column":44}}}},"branchMap":{"0":{"loc":{"start":{"line":32,"column":4},"end":{"line":32,"column":66}},"type":"cond-expr","locations":[{"start":{"line":32,"column":26},"end":{"line":32,"column":28}},{"start":{"line":32,"column":26},"end":{"line":32,"column":66}}]},"1":{"loc":{"start":{"line":32,"column":4},"end":{"line":32,"column":28}},"type":"binary-expr","locations":[{"start":{"line":32,"column":4},"end":{"line":32,"column":28}},{"start":{"line":32,"column":26},"end":{"line":32,"column":28}}]},"2":{"loc":{"start":{"line":40,"column":4},"end":{"line":40,"column":37}},"type":"if","locations":[{"start":{"line":40,"column":4},"end":{"line":40,"column":37}},{"start":{},"end":{}}]},"3":{"loc":{"start":{"line":68,"column":4},"end":{"line":71,"column":5}},"type":"if","locations":[{"start":{"line":68,"column":4},"end":{"line":71,"column":5}},{"start":{},"end":{}}]},"4":{"loc":{"start":{"line":68,"column":8},"end":{"line":68,"column":40}},"type":"binary-expr","locations":[{"start":{"line":68,"column":8},"end":{"line":68,"column":25}},{"start":{"line":68,"column":29},"end":{"line":68,"column":40}}]},"5":{"loc":{"start":{"line":107,"column":9},"end":{"line":153,"column":null}},"type":"cond-expr","locations":[{"start":{"line":108,"column":10},"end":{"line":111,"column":null}},{"start":{"line":114,"column":10},"end":{"line":152,"column":null}}]},"6":{"loc":{"start":{"line":120,"column":33},"end":{"line":120,"column":80}},"type":"cond-expr","locations":[{"start":{"line":120,"column":59},"end":{"line":120,"column":72}},{"start":{"line":120,"column":75},"end":{"line":120,"column":80}}]},"7":{"loc":{"start":{"line":127,"column":29},"end":{"line":127,"column":84}},"type":"cond-expr","locations":[{"start":{"line":127,"column":55},"end":{"line":127,"column":68}},{"start":{"line":127,"column":71},"end":{"line":127,"column":84}}]},"8":{"loc":{"start":{"line":131,"column":19},"end":{"line":131,"column":54}},"type":"cond-expr","locations":[{"start":{"line":131,"column":45},"end":{"line":131,"column":48}},{"start":{"line":131,"column":51},"end":{"line":131,"column":54}}]},"9":{"loc":{"start":{"line":136,"column":29},"end":{"line":136,"column":82}},"type":"cond-expr","locations":[{"start":{"line":136,"column":55},"end":{"line":136,"column":67}},{"start":{"line":136,"column":70},"end":{"line":136,"column":82}}]},"10":{"loc":{"start":{"line":156,"column":9},"end":{"line":163,"column":null}},"type":"binary-expr","locations":[{"start":{"line":156,"column":9},"end":{"line":156,"column":18}},{"start":{"line":157,"column":10},"end":{"line":162,"column":null}}]},"11":{"loc":{"start":{"line":170,"column":7},"end":{"line":177,"column":null}},"type":"binary-expr","locations":[{"start":{"line":170,"column":7},"end":{"line":170,"column":12}},{"start":{"line":171,"column":8},"end":{"line":176,"column":null}}]},"12":{"loc":{"start":{"line":195,"column":22},"end":{"line":195,"column":55}},"type":"binary-expr","locations":[{"start":{"line":195,"column":22},"end":{"line":195,"column":31}},{"start":{"line":195,"column":35},"end":{"line":195,"column":55}}]}},"s":{"0":0,"1":0,"2":0,"3":0,"4":0,"5":0,"6":0,"7":0,"8":0,"9":0,"10":0,"11":0,"12":0,"13":0,"14":0,"15":0,"16":0,"17":0,"18":0,"19":0,"20":0,"21":0,"22":0,"23":0,"24":0,"25":0,"26":0,"27":0,"28":0,"29":0,"30":0,"31":0,"32":0,"33":0,"34":0,"35":0,"36":0,"37":0,"38":0,"39":0,"40":0,"41":0,"42":0},"f":{"0":0,"1":0,"2":0,"3":0,"4":0,"5":0,"6":0,"7":0,"8":0},"b":{"0":[0,0],"1":[0,0],"2":[0,0],"3":[0,0],"4":[0,0],"5":[0,0],"6":[0,0],"7":[0,0],"8":[0,0],"9":[0,0],"10":[0,0],"11":[0,0],"12":[0,0]}}
,"C:\\Users\\thank\\Documents\\thankGodForJesusChrist\\thankGodForWork\\proj01_chatbot_edu\\week02\\code06_project_demo\\chatbot-api-explorer\\src\\components\\config\\ApiConfigPanel.tsx": {"path":"C:\\Users\\thank\\Documents\\thankGodForJesusChrist\\thankGodForWork\\proj01_chatbot_edu\\week02\\code06_project_demo\\chatbot-api-explorer\\src\\components\\config\\ApiConfigPanel.tsx","statementMap":{"0":{"start":{"line":1,"column":0},"end":{"line":1,"column":40}},"1":{"start":{"line":2,"column":0},"end":{"line":2,"column":null}},"2":{"start":{"line":14,"column":0},"end":{"line":14,"column":52}},"3":{"start":{"line":15,"column":0},"end":{"line":15,"column":93}},"4":{"start":{"line":17,"column":40},"end":{"line":254,"column":1}},"5":{"start":{"line":18,"column":46},"end":{"line":18,"column":61}},"6":{"start":{"line":18,"column":23},"end":{"line":18,"column":25}},"7":{"start":{"line":18,"column":42},"end":{"line":18,"column":46}},"8":{"start":{"line":19,"column":48},"end":{"line":19,"column":60}},"9":{"start":{"line":19,"column":24},"end":{"line":19,"column":26}},"10":{"start":{"line":19,"column":44},"end":{"line":19,"column":48}},"11":{"start":{"line":31,"column":6},"end":{"line":31,"column":19}},"12":{"start":{"line":21,"column":20},"end":{"line":21,"column":null}},"13":{"start":{"line":22,"column":10},"end":{"line":22,"column":null}},"14":{"start":{"line":23,"column":12},"end":{"line":23,"column":null}},"15":{"start":{"line":24,"column":9},"end":{"line":24,"column":null}},"16":{"start":{"line":25,"column":11},"end":{"line":25,"column":null}},"17":{"start":{"line":26,"column":15},"end":{"line":26,"column":null}},"18":{"start":{"line":27,"column":13},"end":{"line":27,"column":null}},"19":{"start":{"line":28,"column":15},"end":{"line":28,"column":null}},"20":{"start":{"line":29,"column":12},"end":{"line":29,"column":null}},"21":{"start":{"line":30,"column":14},"end":{"line":30,"column":null}},"22":{"start":{"line":33,"column":26},"end":{"line":33,"column":57}},"23":{"start":{"line":35,"column":31},"end":{"line":51,"column":3}},"24":{"start":{"line":36,"column":4},"end":{"line":36,"column":28}},"25":{"start":{"line":37,"column":21},"end":{"line":37,"column":46}},"26":{"start":{"line":38,"column":4},"end":{"line":38,"column":72}},"27":{"start":{"line":39,"column":4},"end":{"line":39,"column":36}},"28":{"start":{"line":42,"column":4},"end":{"line":42,"column":29}},"29":{"start":{"line":43,"column":4},"end":{"line":43,"column":27}},"30":{"start":{"line":46,"column":24},"end":{"line":46,"column":71}},"31":{"start":{"line":47,"column":4},"end":{"line":50,"column":7}},"32":{"start":{"line":53,"column":29},"end":{"line":70,"column":3}},"33":{"start":{"line":54,"column":4},"end":{"line":54,"column":19}},"34":{"start":{"line":57,"column":4},"end":{"line":69,"column":5}},"35":{"start":{"line":58,"column":26},"end":{"line":58,"column":62}},"36":{"start":{"line":59,"column":6},"end":{"line":62,"column":9}},"37":{"start":{"line":65,"column":22},"end":{"line":65,"column":39}},"38":{"start":{"line":66,"column":6},"end":{"line":66,"column":38}},"39":{"start":{"line":67,"column":6},"end":{"line":67,"column":37}},"40":{"start":{"line":68,"column":6},"end":{"line":68,"column":29}},"41":{"start":{"line":72,"column":28},"end":{"line":76,"column":3}},"42":{"start":{"line":73,"column":4},"end":{"line":73,"column":28}},"43":{"start":{"line":74,"column":4},"end":{"line":74,"column":70}},"44":{"start":{"line":75,"column":4},"end":{"line":75,"column":29}},"45":{"start":{"line":78,"column":34},"end":{"line":94,"column":3}},"46":{"start":{"line":79,"column":25},"end":{"line":79,"column":40}},"47":{"start":{"line":80,"column":4},"end":{"line":80,"column":36}},"48":{"start":{"line":82,"column":4},"end":{"line":93,"column":5}},"49":{"start":{"line":84,"column":6},"end":{"line":87,"column":7}},"50":{"start":{"line":85,"column":8},"end":{"line":85,"column":34}},"51":{"start":{"line":86,"column":8},"end":{"line":86,"column":76}},"52":{"start":{"line":90,"column":27},"end":{"line":90,"column":55}},"53":{"start":{"line":91,"column":6},"end":{"line":91,"column":29}},"54":{"start":{"line":92,"column":6},"end":{"line":92,"column":71}},"55":{"start":{"line":96,"column":38},"end":{"line":102,"column":3}},"56":{"start":{"line":97,"column":4},"end":{"line":97,"column":29}},"57":{"start":{"line":98,"column":4},"end":{"line":101,"column":5}},"58":{"start":{"line":99,"column":6},"end":{"line":99,"column":21}},"59":{"start":{"line":100,"column":6},"end":{"line":100,"column":63}},"60":{"start":{"line":104,"column":2},"end":{"line":253,"column":4}},"61":{"start":{"line":115,"column":34},"end":{"line":115,"column":null}},"62":{"start":{"line":117,"column":58},"end":{"line":121,"column":12}},"63":{"start":{"line":132,"column":29},"end":{"line":132,"column":null}},"64":{"start":{"line":156,"column":31},"end":{"line":156,"column":null}},"65":{"start":{"line":164,"column":38},"end":{"line":164,"column":null}},"66":{"start":{"line":166,"column":57},"end":{"line":170,"column":16}},"67":{"start":{"line":188,"column":27},"end":{"line":188,"column":null}},"68":{"start":{"line":17,"column":13},"end":{"line":17,"column":40}}},"fnMap":{"0":{"name":"(anonymous_2)","decl":{"start":{"line":17,"column":40},"end":{"line":17,"column":null}},"loc":{"start":{"line":17,"column":40},"end":{"line":254,"column":1}}},"1":{"name":"(anonymous_3)","decl":{"start":{"line":35,"column":31},"end":{"line":35,"column":32}},"loc":{"start":{"line":35,"column":50},"end":{"line":51,"column":3}}},"2":{"name":"(anonymous_4)","decl":{"start":{"line":53,"column":29},"end":{"line":53,"column":30}},"loc":{"start":{"line":53,"column":41},"end":{"line":70,"column":3}}},"3":{"name":"(anonymous_5)","decl":{"start":{"line":72,"column":28},"end":{"line":72,"column":29}},"loc":{"start":{"line":72,"column":50},"end":{"line":76,"column":3}}},"4":{"name":"(anonymous_6)","decl":{"start":{"line":78,"column":34},"end":{"line":78,"column":null}},"loc":{"start":{"line":78,"column":34},"end":{"line":94,"column":3}}},"5":{"name":"(anonymous_7)","decl":{"start":{"line":96,"column":38},"end":{"line":96,"column":39}},"loc":{"start":{"line":96,"column":51},"end":{"line":102,"column":3}}},"6":{"name":"(anonymous_8)","decl":{"start":{"line":115,"column":20},"end":{"line":115,"column":21}},"loc":{"start":{"line":115,"column":29},"end":{"line":115,"column":39}}},"7":{"name":"(anonymous_9)","decl":{"start":{"line":117,"column":44},"end":{"line":117,"column":45}},"loc":{"start":{"line":117,"column":53},"end":{"line":117,"column":null}}},"8":{"name":"(anonymous_10)","decl":{"start":{"line":132,"column":22},"end":{"line":132,"column":23}},"loc":{"start":{"line":132,"column":24},"end":{"line":132,"column":47}}},"9":{"name":"(anonymous_11)","decl":{"start":{"line":156,"column":24},"end":{"line":156,"column":25}},"loc":{"start":{"line":156,"column":26},"end":{"line":156,"column":58}}},"10":{"name":"(anonymous_12)","decl":{"start":{"line":164,"column":24},"end":{"line":164,"column":25}},"loc":{"start":{"line":164,"column":33},"end":{"line":164,"column":43}}},"11":{"name":"(anonymous_13)","decl":{"start":{"line":166,"column":42},"end":{"line":166,"column":43}},"loc":{"start":{"line":166,"column":52},"end":{"line":166,"column":null}}},"12":{"name":"(anonymous_14)","decl":{"start":{"line":188,"column":20},"end":{"line":188,"column":21}},"loc":{"start":{"line":188,"column":22},"end":{"line":188,"column":38}}}},"branchMap":{"0":{"loc":{"start":{"line":46,"column":24},"end":{"line":46,"column":71}},"type":"cond-expr","locations":[{"start":{"line":46,"column":33},"end":{"line":46,"column":66}},{"start":{"line":46,"column":69},"end":{"line":46,"column":71}}]},"1":{"loc":{"start":{"line":57,"column":4},"end":{"line":69,"column":5}},"type":"if","locations":[{"start":{"line":57,"column":4},"end":{"line":69,"column":5}},{"start":{"line":63,"column":11},"end":{"line":69,"column":5}}]},"2":{"loc":{"start":{"line":82,"column":4},"end":{"line":93,"column":5}},"type":"if","locations":[{"start":{"line":82,"column":4},"end":{"line":93,"column":5}},{"start":{"line":88,"column":11},"end":{"line":93,"column":5}}]},"3":{"loc":{"start":{"line":84,"column":6},"end":{"line":87,"column":7}},"type":"if","locations":[{"start":{"line":84,"column":6},"end":{"line":87,"column":7}},{"start":{},"end":{}}]},"4":{"loc":{"start":{"line":98,"column":4},"end":{"line":101,"column":5}},"type":"if","locations":[{"start":{"line":98,"column":4},"end":{"line":101,"column":5}},{"start":{},"end":{}}]},"5":{"loc":{"start":{"line":115,"column":34},"end":{"line":115,"column":70}},"type":"binary-expr","locations":[{"start":{"line":115,"column":34},"end":{"line":115,"column":39}},{"start":{"line":115,"column":43},"end":{"line":115,"column":70}}]},"6":{"loc":{"start":{"line":126,"column":7},"end":{"line":135,"column":null}},"type":"binary-expr","locations":[{"start":{"line":126,"column":7},"end":{"line":126,"column":35}},{"start":{"line":127,"column":8},"end":{"line":134,"column":null}}]},"7":{"loc":{"start":{"line":152,"column":9},"end":{"line":172,"column":null}},"type":"cond-expr","locations":[{"start":{"line":153,"column":10},"end":{"line":158,"column":null}},{"start":{"line":161,"column":10},"end":{"line":171,"column":null}}]},"8":{"loc":{"start":{"line":164,"column":38},"end":{"line":164,"column":71}},"type":"binary-expr","locations":[{"start":{"line":164,"column":38},"end":{"line":164,"column":43}},{"start":{"line":164,"column":47},"end":{"line":164,"column":71}}]},"9":{"loc":{"start":{"line":175,"column":9},"end":{"line":178,"column":null}},"type":"binary-expr","locations":[{"start":{"line":175,"column":9},"end":{"line":175,"column":23}},{"start":{"line":176,"column":10},"end":{"line":176,"column":null}}]},"10":{"loc":{"start":{"line":193,"column":11},"end":{"line":195,"column":73}},"type":"cond-expr","locations":[{"start":{"line":194,"column":14},"end":{"line":194,"column":46}},{"start":{"line":195,"column":14},"end":{"line":195,"column":73}}]},"11":{"loc":{"start":{"line":212,"column":19},"end":{"line":212,"column":75}},"type":"cond-expr","locations":[{"start":{"line":212,"column":55},"end":{"line":212,"column":64}},{"start":{"line":212,"column":67},"end":{"line":212,"column":75}}]},"12":{"loc":{"start":{"line":215,"column":13},"end":{"line":215,"column":61}},"type":"cond-expr","locations":[{"start":{"line":215,"column":49},"end":{"line":215,"column":54}},{"start":{"line":215,"column":57},"end":{"line":215,"column":61}}]},"13":{"loc":{"start":{"line":221,"column":19},"end":{"line":221,"column":71}},"type":"cond-expr","locations":[{"start":{"line":221,"column":50},"end":{"line":221,"column":59}},{"start":{"line":221,"column":62},"end":{"line":221,"column":71}}]},"14":{"loc":{"start":{"line":224,"column":13},"end":{"line":224,"column":67}},"type":"cond-expr","locations":[{"start":{"line":224,"column":44},"end":{"line":224,"column":54}},{"start":{"line":224,"column":57},"end":{"line":224,"column":67}}]},"15":{"loc":{"start":{"line":239,"column":7},"end":{"line":250,"column":null}},"type":"binary-expr","locations":[{"start":{"line":239,"column":7},"end":{"line":239,"column":21}},{"start":{"line":240,"column":8},"end":{"line":249,"column":null}}]}},"s":{"0":1,"1":1,"2":1,"3":1,"4":1,"5":24,"6":24,"7":24,"8":24,"9":24,"10":24,"11":24,"12":24,"13":24,"14":24,"15":24,"16":24,"17":24,"18":24,"19":24,"20":24,"21":24,"22":24,"23":24,"24":0,"25":0,"26":0,"27":0,"28":0,"29":0,"30":0,"31":0,"32":24,"33":0,"34":0,"35":0,"36":0,"37":0,"38":0,"39":0,"40":0,"41":24,"42":0,"43":0,"44":0,"45":24,"46":3,"47":3,"48":3,"49":3,"50":0,"51":0,"52":0,"53":0,"54":0,"55":24,"56":15,"57":15,"58":15,"59":15,"60":24,"61":0,"62":144,"63":0,"64":15,"65":0,"66":24,"67":0,"68":1},"f":{"0":24,"1":0,"2":0,"3":0,"4":3,"5":15,"6":0,"7":144,"8":0,"9":15,"10":0,"11":24,"12":0},"b":{"0":[0,0],"1":[0,0],"2":[3,0],"3":[0,3],"4":[15,0],"5":[0,0],"6":[24,24],"7":[18,6],"8":[0,0],"9":[24,18],"10":[0,24],"11":[24,0],"12":[24,0],"13":[24,0],"14":[24,0],"15":[24,18]}}
,"C:\\Users\\thank\\Documents\\thankGodForJesusChrist\\thankGodForWork\\proj01_chatbot_edu\\week02\\code06_project_demo\\chatbot-api-explorer\\src\\components\\config\\RequestConfigPanel.tsx": {"path":"C:\\Users\\thank\\Documents\\thankGodForJesusChrist\\thankGodForWork\\proj01_chatbot_edu\\week02\\code06_project_demo\\chatbot-api-explorer\\src\\components\\config\\RequestConfigPanel.tsx","statementMap":{"0":{"start":{"line":1,"column":0},"end":{"line":1,"column":40}},"1":{"start":{"line":2,"column":0},"end":{"line":2,"column":null}},"2":{"start":{"line":14,"column":0},"end":{"line":14,"column":52}},"3":{"start":{"line":15,"column":0},"end":{"line":15,"column":51}},"4":{"start":{"line":16,"column":0},"end":{"line":16,"column":57}},"5":{"start":{"line":18,"column":44},"end":{"line":186,"column":1}},"6":{"start":{"line":28,"column":6},"end":{"line":28,"column":19}},"7":{"start":{"line":20,"column":11},"end":{"line":20,"column":null}},"8":{"start":{"line":21,"column":15},"end":{"line":21,"column":null}},"9":{"start":{"line":22,"column":15},"end":{"line":22,"column":null}},"10":{"start":{"line":23,"column":14},"end":{"line":23,"column":null}},"11":{"start":{"line":24,"column":20},"end":{"line":24,"column":null}},"12":{"start":{"line":25,"column":14},"end":{"line":25,"column":null}},"13":{"start":{"line":26,"column":18},"end":{"line":26,"column":null}},"14":{"start":{"line":27,"column":16},"end":{"line":27,"column":null}},"15":{"start":{"line":30,"column":40},"end":{"line":30,"column":82}},"16":{"start":{"line":30,"column":20},"end":{"line":30,"column":22}},"17":{"start":{"line":30,"column":36},"end":{"line":30,"column":40}},"18":{"start":{"line":31,"column":34},"end":{"line":31,"column":80}},"19":{"start":{"line":31,"column":17},"end":{"line":31,"column":19}},"20":{"start":{"line":31,"column":30},"end":{"line":31,"column":34}},"21":{"start":{"line":32,"column":42},"end":{"line":32,"column":71}},"22":{"start":{"line":32,"column":21},"end":{"line":32,"column":23}},"23":{"start":{"line":32,"column":38},"end":{"line":32,"column":42}},"24":{"start":{"line":33,"column":36},"end":{"line":33,"column":65}},"25":{"start":{"line":33,"column":18},"end":{"line":33,"column":20}},"26":{"start":{"line":33,"column":32},"end":{"line":33,"column":36}},"27":{"start":{"line":35,"column":26},"end":{"line":35,"column":57}},"28":{"start":{"line":37,"column":30},"end":{"line":46,"column":3}},"29":{"start":{"line":38,"column":4},"end":{"line":38,"column":26}},"30":{"start":{"line":39,"column":4},"end":{"line":45,"column":5}},"31":{"start":{"line":40,"column":21},"end":{"line":40,"column":38}},"32":{"start":{"line":41,"column":6},"end":{"line":41,"column":25}},"33":{"start":{"line":42,"column":6},"end":{"line":42,"column":28}},"34":{"start":{"line":44,"column":6},"end":{"line":44,"column":45}},"35":{"start":{"line":48,"column":27},"end":{"line":57,"column":3}},"36":{"start":{"line":49,"column":4},"end":{"line":49,"column":23}},"37":{"start":{"line":50,"column":4},"end":{"line":56,"column":5}},"38":{"start":{"line":51,"column":21},"end":{"line":51,"column":38}},"39":{"start":{"line":52,"column":6},"end":{"line":52,"column":29}},"40":{"start":{"line":53,"column":6},"end":{"line":53,"column":25}},"41":{"start":{"line":55,"column":6},"end":{"line":55,"column":42}},"42":{"start":{"line":59,"column":26},"end":{"line":69,"column":3}},"43":{"start":{"line":60,"column":24},"end":{"line":61,"column":null}},"44":{"start":{"line":63,"column":24},"end":{"line":63,"column":26}},"45":{"start":{"line":65,"column":4},"end":{"line":65,"column":31}},"46":{"start":{"line":66,"column":4},"end":{"line":66,"column":32}},"47":{"start":{"line":67,"column":4},"end":{"line":67,"column":60}},"48":{"start":{"line":68,"column":4},"end":{"line":68,"column":54}},"49":{"start":{"line":71,"column":30},"end":{"line":87,"column":3}},"50":{"start":{"line":72,"column":25},"end":{"line":78,"column":6}},"51":{"start":{"line":80,"column":17},"end":{"line":82,"column":null}},"52":{"start":{"line":85,"column":4},"end":{"line":85,"column":28}},"53":{"start":{"line":86,"column":4},"end":{"line":86,"column":50}},"54":{"start":{"line":89,"column":2},"end":{"line":185,"column":4}},"55":{"start":{"line":132,"column":29},"end":{"line":132,"column":null}},"56":{"start":{"line":18,"column":13},"end":{"line":18,"column":44}}},"fnMap":{"0":{"name":"(anonymous_2)","decl":{"start":{"line":18,"column":44},"end":{"line":18,"column":null}},"loc":{"start":{"line":18,"column":44},"end":{"line":186,"column":1}}},"1":{"name":"(anonymous_3)","decl":{"start":{"line":37,"column":30},"end":{"line":37,"column":31}},"loc":{"start":{"line":37,"column":44},"end":{"line":46,"column":3}}},"2":{"name":"(anonymous_4)","decl":{"start":{"line":48,"column":27},"end":{"line":48,"column":28}},"loc":{"start":{"line":48,"column":41},"end":{"line":57,"column":3}}},"3":{"name":"(anonymous_5)","decl":{"start":{"line":59,"column":26},"end":{"line":59,"column":null}},"loc":{"start":{"line":59,"column":26},"end":{"line":69,"column":3}}},"4":{"name":"(anonymous_6)","decl":{"start":{"line":71,"column":30},"end":{"line":71,"column":null}},"loc":{"start":{"line":71,"column":30},"end":{"line":87,"column":3}}},"5":{"name":"(anonymous_7)","decl":{"start":{"line":118,"column":20},"end":{"line":118,"column":53}},"loc":{"start":{"line":118,"column":20},"end":{"line":118,"column":54}}},"6":{"name":"(anonymous_8)","decl":{"start":{"line":132,"column":22},"end":{"line":132,"column":23}},"loc":{"start":{"line":132,"column":24},"end":{"line":132,"column":41}}}},"branchMap":{"0":{"loc":{"start":{"line":128,"column":7},"end":{"line":138,"column":null}},"type":"binary-expr","locations":[{"start":{"line":128,"column":7},"end":{"line":128,"column":40}},{"start":{"line":129,"column":8},"end":{"line":137,"column":null}}]},"1":{"loc":{"start":{"line":152,"column":9},"end":{"line":155,"column":null}},"type":"binary-expr","locations":[{"start":{"line":152,"column":9},"end":{"line":152,"column":21}},{"start":{"line":153,"column":10},"end":{"line":154,"column":null}}]},"2":{"loc":{"start":{"line":170,"column":9},"end":{"line":173,"column":null}},"type":"binary-expr","locations":[{"start":{"line":170,"column":9},"end":{"line":170,"column":18}},{"start":{"line":171,"column":10},"end":{"line":172,"column":null}}]}},"s":{"0":0,"1":0,"2":0,"3":0,"4":0,"5":0,"6":0,"7":0,"8":0,"9":0,"10":0,"11":0,"12":0,"13":0,"14":0,"15":0,"16":0,"17":0,"18":0,"19":0,"20":0,"21":0,"22":0,"23":0,"24":0,"25":0,"26":0,"27":0,"28":0,"29":0,"30":0,"31":0,"32":0,"33":0,"34":0,"35":0,"36":0,"37":0,"38":0,"39":0,"40":0,"41":0,"42":0,"43":0,"44":0,"45":0,"46":0,"47":0,"48":0,"49":0,"50":0,"51":0,"52":0,"53":0,"54":0,"55":0,"56":0},"f":{"0":0,"1":0,"2":0,"3":0,"4":0,"5":0,"6":0},"b":{"0":[0,0],"1":[0,0],"2":[0,0]}}
,"C:\\Users\\thank\\Documents\\thankGodForJesusChrist\\thankGodForWork\\proj01_chatbot_edu\\week02\\code06_project_demo\\chatbot-api-explorer\\src\\components\\editors\\JsonEditor.tsx": {"path":"C:\\Users\\thank\\Documents\\thankGodForJesusChrist\\thankGodForWork\\proj01_chatbot_edu\\week02\\code06_project_demo\\chatbot-api-explorer\\src\\components\\editors\\JsonEditor.tsx","statementMap":{"0":{"start":{"line":2,"column":0},"end":{"line":2,"column":42}},"1":{"start":{"line":13,"column":53},"end":{"line":49,"column":1}},"2":{"start":{"line":14,"column":7},"end":{"line":14,"column":null}},"3":{"start":{"line":15,"column":10},"end":{"line":15,"column":null}},"4":{"start":{"line":16,"column":2},"end":{"line":16,"column":8}},"5":{"start":{"line":16,"column":8},"end":{"line":16,"column":null}},"6":{"start":{"line":17,"column":2},"end":{"line":17,"column":10}},"7":{"start":{"line":17,"column":10},"end":{"line":17,"column":null}},"8":{"start":{"line":18,"column":2},"end":{"line":18,"column":10}},"9":{"start":{"line":18,"column":10},"end":{"line":18,"column":null}},"10":{"start":{"line":19,"column":2},"end":{"line":19,"column":13}},"11":{"start":{"line":19,"column":13},"end":{"line":19,"column":null}},"12":{"start":{"line":21,"column":29},"end":{"line":23,"column":3}},"13":{"start":{"line":22,"column":4},"end":{"line":22,"column":29}},"14":{"start":{"line":25,"column":2},"end":{"line":48,"column":4}},"15":{"start":{"line":13,"column":13},"end":{"line":13,"column":53}}},"fnMap":{"0":{"name":"(anonymous_1)","decl":{"start":{"line":13,"column":53},"end":{"line":13,"column":54}},"loc":{"start":{"line":20,"column":1},"end":{"line":49,"column":1}}},"1":{"name":"(anonymous_2)","decl":{"start":{"line":21,"column":29},"end":{"line":21,"column":30}},"loc":{"start":{"line":21,"column":58},"end":{"line":23,"column":3}}}},"branchMap":{"0":{"loc":{"start":{"line":16,"column":8},"end":{"line":16,"column":null}},"type":"cond-expr","locations":[{"start":{"line":16,"column":11},"end":{"line":16,"column":18}},{"start":{"line":16,"column":18},"end":{"line":16,"column":null}}]},"1":{"loc":{"start":{"line":17,"column":10},"end":{"line":17,"column":null}},"type":"cond-expr","locations":[{"start":{"line":17,"column":13},"end":{"line":17,"column":18}},{"start":{"line":17,"column":18},"end":{"line":17,"column":null}}]},"2":{"loc":{"start":{"line":18,"column":10},"end":{"line":18,"column":null}},"type":"cond-expr","locations":[{"start":{"line":18,"column":13},"end":{"line":18,"column":19}},{"start":{"line":18,"column":19},"end":{"line":18,"column":null}}]},"3":{"loc":{"start":{"line":19,"column":13},"end":{"line":19,"column":null}},"type":"cond-expr","locations":[{"start":{"line":19,"column":16},"end":{"line":19,"column":20}},{"start":{"line":19,"column":20},"end":{"line":19,"column":null}}]},"4":{"loc":{"start":{"line":22,"column":13},"end":{"line":22,"column":27}},"type":"binary-expr","locations":[{"start":{"line":22,"column":13},"end":{"line":22,"column":21}},{"start":{"line":22,"column":25},"end":{"line":22,"column":27}}]},"5":{"loc":{"start":{"line":30,"column":15},"end":{"line":30,"column":35}},"type":"binary-expr","locations":[{"start":{"line":30,"column":15},"end":{"line":30,"column":20}},{"start":{"line":30,"column":24},"end":{"line":30,"column":35}}]}},"s":{"0":1,"1":1,"2":5,"3":5,"4":5,"5":5,"6":5,"7":5,"8":5,"9":5,"10":5,"11":5,"12":5,"13":20,"14":5,"15":1},"f":{"0":5,"1":20},"b":{"0":[5,0],"1":[4,1],"2":[5,0],"3":[4,1],"4":[20,0],"5":[5,3]}}
,"C:\\Users\\thank\\Documents\\thankGodForJesusChrist\\thankGodForWork\\proj01_chatbot_edu\\week02\\code06_project_demo\\chatbot-api-explorer\\src\\stores\\appStore.ts": {"path":"C:\\Users\\thank\\Documents\\thankGodForJesusChrist\\thankGodForWork\\proj01_chatbot_edu\\week02\\code06_project_demo\\chatbot-api-explorer\\src\\stores\\appStore.ts","statementMap":{"0":{"start":{"line":1,"column":0},"end":{"line":1,"column":33}},"1":{"start":{"line":3,"column":0},"end":{"line":3,"column":45}},"2":{"start":{"line":4,"column":0},"end":{"line":4,"column":33}},"3":{"start":{"line":6,"column":23},"end":{"line":6,"column":49}},"4":{"start":{"line":9,"column":16},"end":{"line":11,"column":1}},"5":{"start":{"line":10,"column":2},"end":{"line":10,"column":63}},"6":{"start":{"line":14,"column":16},"end":{"line":17,"column":1}},"7":{"start":{"line":15,"column":16},"end":{"line":15,"column":64}},"8":{"start":{"line":16,"column":2},"end":{"line":16,"column":43}},"9":{"start":{"line":19,"column":13},"end":{"line":96,"column":2}},"10":{"start":{"line":21,"column":18},"end":{"line":71,"column":null}},"11":{"start":{"line":45,"column":41},"end":{"line":45,"column":null}},"12":{"start":{"line":47,"column":34},"end":{"line":47,"column":null}},"13":{"start":{"line":49,"column":41},"end":{"line":49,"column":null}},"14":{"start":{"line":51,"column":35},"end":{"line":51,"column":null}},"15":{"start":{"line":53,"column":55},"end":{"line":53,"column":null}},"16":{"start":{"line":55,"column":40},"end":{"line":55,"column":null}},"17":{"start":{"line":57,"column":44},"end":{"line":57,"column":null}},"18":{"start":{"line":59,"column":43},"end":{"line":59,"column":null}},"19":{"start":{"line":62,"column":25},"end":{"line":62,"column":39}},"20":{"start":{"line":63,"column":8},"end":{"line":63,"column":50}},"21":{"start":{"line":66,"column":27},"end":{"line":66,"column":null}},"22":{"start":{"line":68,"column":40},"end":{"line":68,"column":null}},"23":{"start":{"line":70,"column":42},"end":{"line":70,"column":null}},"24":{"start":{"line":74,"column":29},"end":{"line":83,"column":null}},"25":{"start":{"line":84,"column":32},"end":{"line":93,"column":null}},"26":{"start":{"line":85,"column":8},"end":{"line":92,"column":9}},"27":{"start":{"line":86,"column":10},"end":{"line":91,"column":11}},"28":{"start":{"line":87,"column":12},"end":{"line":87,"column":49}},"29":{"start":{"line":89,"column":12},"end":{"line":89,"column":54}},"30":{"start":{"line":90,"column":12},"end":{"line":90,"column":30}}},"fnMap":{"0":{"name":"(anonymous_2)","decl":{"start":{"line":9,"column":16},"end":{"line":9,"column":17}},"loc":{"start":{"line":9,"column":29},"end":{"line":11,"column":1}}},"1":{"name":"(anonymous_3)","decl":{"start":{"line":14,"column":16},"end":{"line":14,"column":17}},"loc":{"start":{"line":14,"column":35},"end":{"line":17,"column":1}}},"2":{"name":"(anonymous_4)","decl":{"start":{"line":21,"column":4},"end":{"line":21,"column":5}},"loc":{"start":{"line":21,"column":13},"end":{"line":21,"column":19}}},"3":{"name":"(anonymous_5)","decl":{"start":{"line":45,"column":19},"end":{"line":45,"column":20}},"loc":{"start":{"line":45,"column":36},"end":{"line":45,"column":44}}},"4":{"name":"(anonymous_6)","decl":{"start":{"line":47,"column":17},"end":{"line":47,"column":18}},"loc":{"start":{"line":47,"column":29},"end":{"line":47,"column":37}}},"5":{"name":"(anonymous_7)","decl":{"start":{"line":49,"column":19},"end":{"line":49,"column":20}},"loc":{"start":{"line":49,"column":36},"end":{"line":49,"column":44}}},"6":{"name":"(anonymous_8)","decl":{"start":{"line":51,"column":16},"end":{"line":51,"column":17}},"loc":{"start":{"line":51,"column":30},"end":{"line":51,"column":38}}},"7":{"name":"(anonymous_9)","decl":{"start":{"line":53,"column":18},"end":{"line":53,"column":19}},"loc":{"start":{"line":53,"column":50},"end":{"line":53,"column":58}}},"8":{"name":"(anonymous_10)","decl":{"start":{"line":55,"column":22},"end":{"line":55,"column":23}},"loc":{"start":{"line":55,"column":35},"end":{"line":55,"column":43}}},"9":{"name":"(anonymous_11)","decl":{"start":{"line":57,"column":20},"end":{"line":57,"column":21}},"loc":{"start":{"line":57,"column":39},"end":{"line":57,"column":47}}},"10":{"name":"(anonymous_12)","decl":{"start":{"line":59,"column":23},"end":{"line":59,"column":24}},"loc":{"start":{"line":59,"column":38},"end":{"line":59,"column":46}}},"11":{"name":"(anonymous_13)","decl":{"start":{"line":61,"column":18},"end":{"line":61,"column":19}},"loc":{"start":{"line":61,"column":35},"end":{"line":64,"column":7}}},"12":{"name":"(anonymous_14)","decl":{"start":{"line":66,"column":21},"end":{"line":66,"column":27}},"loc":{"start":{"line":66,"column":21},"end":{"line":66,"column":30}}},"13":{"name":"(anonymous_15)","decl":{"start":{"line":68,"column":18},"end":{"line":68,"column":19}},"loc":{"start":{"line":68,"column":35},"end":{"line":68,"column":43}}},"14":{"name":"(anonymous_16)","decl":{"start":{"line":70,"column":16},"end":{"line":70,"column":17}},"loc":{"start":{"line":70,"column":37},"end":{"line":70,"column":45}}},"15":{"name":"(anonymous_17)","decl":{"start":{"line":74,"column":18},"end":{"line":74,"column":19}},"loc":{"start":{"line":74,"column":24},"end":{"line":74,"column":30}}},"16":{"name":"(anonymous_18)","decl":{"start":{"line":84,"column":26},"end":{"line":84,"column":32}},"loc":{"start":{"line":84,"column":26},"end":{"line":84,"column":33}}},"17":{"name":"(anonymous_19)","decl":{"start":{"line":84,"column":32},"end":{"line":84,"column":33}},"loc":{"start":{"line":84,"column":38},"end":{"line":93,"column":7}}}},"branchMap":{"0":{"loc":{"start":{"line":76,"column":16},"end":{"line":76,"column":57}},"type":"cond-expr","locations":[{"start":{"line":76,"column":31},"end":{"line":76,"column":52}},{"start":{"line":76,"column":55},"end":{"line":76,"column":57}}]},"1":{"loc":{"start":{"line":85,"column":8},"end":{"line":92,"column":9}},"type":"if","locations":[{"start":{"line":85,"column":8},"end":{"line":92,"column":9}},{"start":{},"end":{}}]},"2":{"loc":{"start":{"line":85,"column":12},"end":{"line":85,"column":25}},"type":"cond-expr","locations":[{"start":{"line":85,"column":17},"end":{"line":85,"column":19}},{"start":{"line":85,"column":12},"end":{"line":85,"column":25}}]},"3":{"loc":{"start":{"line":85,"column":12},"end":{"line":85,"column":19}},"type":"binary-expr","locations":[{"start":{"line":85,"column":12},"end":{"line":85,"column":19}},{"start":{"line":85,"column":12},"end":{"line":85,"column":19}}]}},"s":{"0":1,"1":1,"2":1,"3":1,"4":1,"5":1,"6":1,"7":0,"8":0,"9":1,"10":1,"11":1,"12":1,"13":1,"14":1,"15":1,"16":0,"17":1,"18":1,"19":4,"20":4,"21":1,"22":2,"23":2,"24":29,"25":1,"26":1,"27":0,"28":0,"29":0,"30":0},"f":{"0":1,"1":0,"2":1,"3":1,"4":1,"5":1,"6":1,"7":1,"8":0,"9":1,"10":1,"11":4,"12":1,"13":2,"14":2,"15":29,"16":1,"17":1},"b":{"0":[1,28],"1":[0,1],"2":[0,1],"3":[1,1]}}
,"C:\\Users\\thank\\Documents\\thankGodForJesusChrist\\thankGodForWork\\proj01_chatbot_edu\\week02\\code06_project_demo\\chatbot-api-explorer\\src\\utils\\apiProviders.ts": {"path":"C:\\Users\\thank\\Documents\\thankGodForJesusChrist\\thankGodForWork\\proj01_chatbot_edu\\week02\\code06_project_demo\\chatbot-api-explorer\\src\\utils\\apiProviders.ts","statementMap":{"0":{"start":{"line":3,"column":13},"end":{"line":87,"column":2}},"1":{"start":{"line":89,"column":35},"end":{"line":107,"column":1}},"2":{"start":{"line":90,"column":19},"end":{"line":90,"column":44}},"3":{"start":{"line":92,"column":2},"end":{"line":106,"column":3}},"4":{"start":{"line":95,"column":6},"end":{"line":95,"column":52}},"5":{"start":{"line":97,"column":6},"end":{"line":97,"column":44}},"6":{"start":{"line":99,"column":6},"end":{"line":99,"column":69}},"7":{"start":{"line":101,"column":6},"end":{"line":101,"column":92}},"8":{"start":{"line":103,"column":6},"end":{"line":103,"column":16}},"9":{"start":{"line":105,"column":6},"end":{"line":105,"column":30}},"10":{"start":{"line":89,"column":13},"end":{"line":89,"column":35}},"11":{"start":{"line":109,"column":29},"end":{"line":123,"column":1}},"12":{"start":{"line":110,"column":2},"end":{"line":122,"column":3}},"13":{"start":{"line":113,"column":6},"end":{"line":113,"column":51}},"14":{"start":{"line":115,"column":6},"end":{"line":115,"column":37}},"15":{"start":{"line":117,"column":6},"end":{"line":117,"column":51}},"16":{"start":{"line":119,"column":6},"end":{"line":119,"column":16}},"17":{"start":{"line":121,"column":6},"end":{"line":121,"column":16}},"18":{"start":{"line":109,"column":13},"end":{"line":109,"column":29}}},"fnMap":{"0":{"name":"(anonymous_0)","decl":{"start":{"line":89,"column":35},"end":{"line":89,"column":36}},"loc":{"start":{"line":89,"column":70},"end":{"line":107,"column":1}}},"1":{"name":"(anonymous_1)","decl":{"start":{"line":109,"column":29},"end":{"line":109,"column":30}},"loc":{"start":{"line":109,"column":64},"end":{"line":123,"column":1}}}},"branchMap":{"0":{"loc":{"start":{"line":92,"column":2},"end":{"line":106,"column":3}},"type":"switch","locations":[{"start":{"line":93,"column":4},"end":{"line":93,"column":18}},{"start":{"line":94,"column":4},"end":{"line":95,"column":52}},{"start":{"line":96,"column":4},"end":{"line":97,"column":44}},{"start":{"line":98,"column":4},"end":{"line":99,"column":69}},{"start":{"line":100,"column":4},"end":{"line":101,"column":92}},{"start":{"line":102,"column":4},"end":{"line":103,"column":16}},{"start":{"line":104,"column":4},"end":{"line":105,"column":30}}]},"1":{"loc":{"start":{"line":99,"column":36},"end":{"line":99,"column":66}},"type":"binary-expr","locations":[{"start":{"line":99,"column":36},"end":{"line":99,"column":41}},{"start":{"line":99,"column":45},"end":{"line":99,"column":66}}]},"2":{"loc":{"start":{"line":101,"column":43},"end":{"line":101,"column":73}},"type":"binary-expr","locations":[{"start":{"line":101,"column":43},"end":{"line":101,"column":48}},{"start":{"line":101,"column":52},"end":{"line":101,"column":73}}]},"3":{"loc":{"start":{"line":110,"column":2},"end":{"line":122,"column":3}},"type":"switch","locations":[{"start":{"line":111,"column":4},"end":{"line":111,"column":18}},{"start":{"line":112,"column":4},"end":{"line":113,"column":51}},{"start":{"line":114,"column":4},"end":{"line":115,"column":37}},{"start":{"line":116,"column":4},"end":{"line":117,"column":51}},{"start":{"line":118,"column":4},"end":{"line":119,"column":16}},{"start":{"line":120,"column":4},"end":{"line":121,"column":16}}]}},"s":{"0":2,"1":2,"2":20,"3":20,"4":16,"5":1,"6":1,"7":1,"8":1,"9":0,"10":2,"11":2,"12":5,"13":1,"14":1,"15":1,"16":1,"17":1,"18":2},"f":{"0":20,"1":5},"b":{"0":[16,16,1,1,1,1,0],"1":[1,0],"2":[1,0],"3":[1,1,1,1,1,1]}}
}
