TN:
SF:src\App.tsx
FN:7,App
FNF:1
FNH:1
FNDA:7,App
DA:1,1
DA:2,1
DA:3,1
DA:4,1
DA:5,1
DA:8,7
DA:75,1
LF:7
LH:7
BRF:0
BRH:0
end_of_record
TN:
SF:src\components\chat\ChatInterface.tsx
FN:15,(anonymous_0)
FN:31,(anonymous_1)
FN:35,(anonymous_2)
FN:39,(anonymous_3)
FN:55,(anonymous_4)
FN:67,(anonymous_5)
FN:97,(anonymous_6)
FN:115,(anonymous_7)
FN:185,(anonymous_8)
FNF:9
FNH:0
FNDA:0,(anonymous_0)
FNDA:0,(anonymous_1)
FNDA:0,(anonymous_2)
FNDA:0,(anonymous_3)
FNDA:0,(anonymous_4)
FNDA:0,(anonymous_5)
FNDA:0,(anonymous_6)
FNDA:0,(anonymous_7)
FNDA:0,(anonymous_8)
DA:1,0
DA:2,0
DA:12,0
DA:15,0
DA:17,0
DA:18,0
DA:19,0
DA:20,0
DA:21,0
DA:22,0
DA:23,0
DA:24,0
DA:25,0
DA:26,0
DA:28,0
DA:29,0
DA:31,0
DA:32,0
DA:35,0
DA:36,0
DA:39,0
DA:40,0
DA:42,0
DA:49,0
DA:50,0
DA:51,0
DA:52,0
DA:55,0
DA:56,0
DA:62,0
DA:63,0
DA:67,0
DA:68,0
DA:69,0
DA:70,0
DA:74,0
DA:97,0
DA:115,0
DA:185,0
LF:39
LH:0
BRDA:32,0,0,0
BRDA:32,0,1,0
BRDA:32,1,0,0
BRDA:32,1,1,0
BRDA:40,2,0,0
BRDA:40,2,1,0
BRDA:68,3,0,0
BRDA:68,3,1,0
BRDA:68,4,0,0
BRDA:68,4,1,0
BRDA:107,5,0,0
BRDA:107,5,1,0
BRDA:120,6,0,0
BRDA:120,6,1,0
BRDA:127,7,0,0
BRDA:127,7,1,0
BRDA:131,8,0,0
BRDA:131,8,1,0
BRDA:136,9,0,0
BRDA:136,9,1,0
BRDA:156,10,0,0
BRDA:156,10,1,0
BRDA:170,11,0,0
BRDA:170,11,1,0
BRDA:195,12,0,0
BRDA:195,12,1,0
BRF:26
BRH:0
end_of_record
TN:
SF:src\components\config\ApiConfigPanel.tsx
FN:17,(anonymous_2)
FN:35,(anonymous_3)
FN:53,(anonymous_4)
FN:72,(anonymous_5)
FN:78,(anonymous_6)
FN:96,(anonymous_7)
FN:115,(anonymous_8)
FN:117,(anonymous_9)
FN:132,(anonymous_10)
FN:156,(anonymous_11)
FN:164,(anonymous_12)
FN:166,(anonymous_13)
FN:188,(anonymous_14)
FNF:13
FNH:6
FNDA:24,(anonymous_2)
FNDA:0,(anonymous_3)
FNDA:0,(anonymous_4)
FNDA:0,(anonymous_5)
FNDA:3,(anonymous_6)
FNDA:15,(anonymous_7)
FNDA:0,(anonymous_8)
FNDA:144,(anonymous_9)
FNDA:0,(anonymous_10)
FNDA:15,(anonymous_11)
FNDA:0,(anonymous_12)
FNDA:24,(anonymous_13)
FNDA:0,(anonymous_14)
DA:1,1
DA:2,1
DA:14,1
DA:15,1
DA:17,1
DA:18,24
DA:19,24
DA:21,24
DA:22,24
DA:23,24
DA:24,24
DA:25,24
DA:26,24
DA:27,24
DA:28,24
DA:29,24
DA:30,24
DA:31,24
DA:33,24
DA:35,24
DA:36,0
DA:37,0
DA:38,0
DA:39,0
DA:42,0
DA:43,0
DA:46,0
DA:47,0
DA:53,24
DA:54,0
DA:57,0
DA:58,0
DA:59,0
DA:65,0
DA:66,0
DA:67,0
DA:68,0
DA:72,24
DA:73,0
DA:74,0
DA:75,0
DA:78,24
DA:79,3
DA:80,3
DA:82,3
DA:84,3
DA:85,0
DA:86,0
DA:90,0
DA:91,0
DA:92,0
DA:96,24
DA:97,15
DA:98,15
DA:99,15
DA:100,15
DA:104,24
DA:115,0
DA:117,144
DA:132,0
DA:156,15
DA:164,0
DA:166,24
DA:188,0
LF:64
LH:36
BRDA:46,0,0,0
BRDA:46,0,1,0
BRDA:57,1,0,0
BRDA:57,1,1,0
BRDA:82,2,0,3
BRDA:82,2,1,0
BRDA:84,3,0,0
BRDA:84,3,1,3
BRDA:98,4,0,15
BRDA:98,4,1,0
BRDA:115,5,0,0
BRDA:115,5,1,0
BRDA:126,6,0,24
BRDA:126,6,1,24
BRDA:152,7,0,18
BRDA:152,7,1,6
BRDA:164,8,0,0
BRDA:164,8,1,0
BRDA:175,9,0,24
BRDA:175,9,1,18
BRDA:193,10,0,0
BRDA:193,10,1,24
BRDA:212,11,0,24
BRDA:212,11,1,0
BRDA:215,12,0,24
BRDA:215,12,1,0
BRDA:221,13,0,24
BRDA:221,13,1,0
BRDA:224,14,0,24
BRDA:224,14,1,0
BRDA:239,15,0,24
BRDA:239,15,1,18
BRF:32
BRH:16
end_of_record
TN:
SF:src\components\config\RequestConfigPanel.tsx
FN:18,(anonymous_2)
FN:37,(anonymous_3)
FN:48,(anonymous_4)
FN:59,(anonymous_5)
FN:71,(anonymous_6)
FN:118,(anonymous_7)
FN:132,(anonymous_8)
FNF:7
FNH:0
FNDA:0,(anonymous_2)
FNDA:0,(anonymous_3)
FNDA:0,(anonymous_4)
FNDA:0,(anonymous_5)
FNDA:0,(anonymous_6)
FNDA:0,(anonymous_7)
FNDA:0,(anonymous_8)
DA:1,0
DA:2,0
DA:14,0
DA:15,0
DA:16,0
DA:18,0
DA:20,0
DA:21,0
DA:22,0
DA:23,0
DA:24,0
DA:25,0
DA:26,0
DA:27,0
DA:28,0
DA:30,0
DA:31,0
DA:32,0
DA:33,0
DA:35,0
DA:37,0
DA:38,0
DA:39,0
DA:40,0
DA:41,0
DA:42,0
DA:44,0
DA:48,0
DA:49,0
DA:50,0
DA:51,0
DA:52,0
DA:53,0
DA:55,0
DA:59,0
DA:60,0
DA:63,0
DA:65,0
DA:66,0
DA:67,0
DA:68,0
DA:71,0
DA:72,0
DA:80,0
DA:85,0
DA:86,0
DA:89,0
DA:132,0
LF:48
LH:0
BRDA:128,0,0,0
BRDA:128,0,1,0
BRDA:152,1,0,0
BRDA:152,1,1,0
BRDA:170,2,0,0
BRDA:170,2,1,0
BRF:6
BRH:0
end_of_record
TN:
SF:src\components\editors\JsonEditor.tsx
FN:13,(anonymous_1)
FN:21,(anonymous_2)
FNF:2
FNH:2
FNDA:5,(anonymous_1)
FNDA:20,(anonymous_2)
DA:2,1
DA:13,1
DA:14,5
DA:15,5
DA:16,5
DA:17,5
DA:18,5
DA:19,5
DA:21,5
DA:22,20
DA:25,5
LF:11
LH:11
BRDA:16,0,0,5
BRDA:16,0,1,0
BRDA:17,1,0,4
BRDA:17,1,1,1
BRDA:18,2,0,5
BRDA:18,2,1,0
BRDA:19,3,0,4
BRDA:19,3,1,1
BRDA:22,4,0,20
BRDA:22,4,1,0
BRDA:30,5,0,5
BRDA:30,5,1,3
BRF:12
BRH:9
end_of_record
TN:
SF:src\stores\appStore.ts
FN:9,(anonymous_2)
FN:14,(anonymous_3)
FN:21,(anonymous_4)
FN:45,(anonymous_5)
FN:47,(anonymous_6)
FN:49,(anonymous_7)
FN:51,(anonymous_8)
FN:53,(anonymous_9)
FN:55,(anonymous_10)
FN:57,(anonymous_11)
FN:59,(anonymous_12)
FN:61,(anonymous_13)
FN:66,(anonymous_14)
FN:68,(anonymous_15)
FN:70,(anonymous_16)
FN:74,(anonymous_17)
FN:84,(anonymous_18)
FN:84,(anonymous_19)
FNF:18
FNH:16
FNDA:1,(anonymous_2)
FNDA:0,(anonymous_3)
FNDA:1,(anonymous_4)
FNDA:1,(anonymous_5)
FNDA:1,(anonymous_6)
FNDA:1,(anonymous_7)
FNDA:1,(anonymous_8)
FNDA:1,(anonymous_9)
FNDA:0,(anonymous_10)
FNDA:1,(anonymous_11)
FNDA:1,(anonymous_12)
FNDA:4,(anonymous_13)
FNDA:1,(anonymous_14)
FNDA:2,(anonymous_15)
FNDA:2,(anonymous_16)
FNDA:29,(anonymous_17)
FNDA:1,(anonymous_18)
FNDA:1,(anonymous_19)
DA:1,1
DA:3,1
DA:4,1
DA:6,1
DA:9,1
DA:10,1
DA:14,1
DA:15,0
DA:16,0
DA:19,1
DA:21,1
DA:45,1
DA:47,1
DA:49,1
DA:51,1
DA:53,1
DA:55,0
DA:57,1
DA:59,1
DA:62,4
DA:63,4
DA:66,1
DA:68,2
DA:70,2
DA:74,29
DA:84,1
DA:85,1
DA:86,0
DA:87,0
DA:89,0
DA:90,0
LF:31
LH:24
BRDA:76,0,0,1
BRDA:76,0,1,28
BRDA:85,1,0,0
BRDA:85,1,1,1
BRDA:85,2,0,0
BRDA:85,2,1,1
BRDA:85,3,0,1
BRDA:85,3,1,1
BRF:8
BRH:6
end_of_record
TN:
SF:src\utils\apiProviders.ts
FN:89,(anonymous_0)
FN:109,(anonymous_1)
FNF:2
FNH:2
FNDA:20,(anonymous_0)
FNDA:5,(anonymous_1)
DA:3,2
DA:89,2
DA:90,20
DA:92,20
DA:95,16
DA:97,1
DA:99,1
DA:101,1
DA:103,1
DA:105,0
DA:109,2
DA:110,5
DA:113,1
DA:115,1
DA:117,1
DA:119,1
DA:121,1
LF:17
LH:16
BRDA:92,0,0,16
BRDA:92,0,1,16
BRDA:92,0,2,1
BRDA:92,0,3,1
BRDA:92,0,4,1
BRDA:92,0,5,1
BRDA:92,0,6,0
BRDA:99,1,0,1
BRDA:99,1,1,0
BRDA:101,2,0,1
BRDA:101,2,1,0
BRDA:110,3,0,1
BRDA:110,3,1,1
BRDA:110,3,2,1
BRDA:110,3,3,1
BRDA:110,3,4,1
BRDA:110,3,5,1
BRF:17
BRH:14
end_of_record
